2018-03-25 22:00:06.065 [main] INFO  com.course.Application - Starting Application on localhost with PID 89105 (/workspace/muke/AutoTest/Chapter11/target/classes started by zjy in /workspace/muke/AutoTest)
2018-03-25 22:00:06.070 [main] INFO  com.course.Application - No active profile set, falling back to default profiles: default
2018-03-25 22:00:06.150 [main] INFO  o.s.boot.context.embedded.AnnotationConfigEmbeddedWebApplicationContext - Refreshing org.springframework.boot.context.embedded.AnnotationConfigEmbeddedWebApplicationContext@436813f3: startup date [Sun Mar 25 22:00:06 CST 2018]; root of context hierarchy
2018-03-25 22:00:07.048 [main] WARN  org.mybatis.spring.mapper.ClassPathMapperScanner - No MyBatis mapper was found in '[com.course]' package. Please check your configuration.
2018-03-25 22:00:08.012 [main] INFO  org.springframework.boot.context.embedded.tomcat.TomcatEmbeddedServletContainer - Tomcat initialized with port(s): 8888 (http)
2018-03-25 22:00:08.040 [main] INFO  org.apache.catalina.core.StandardService - Starting service Tomcat
2018-03-25 22:00:08.041 [main] INFO  org.apache.catalina.core.StandardEngine - Starting Servlet Engine: Apache Tomcat/8.5.14
2018-03-25 22:00:08.225 [localhost-startStop-1] INFO  org.apache.catalina.core.ContainerBase.[Tomcat].[localhost].[/] - Initializing Spring embedded WebApplicationContext
2018-03-25 22:00:08.225 [localhost-startStop-1] INFO  org.springframework.web.context.ContextLoader - Root WebApplicationContext: initialization completed in 2075 ms
2018-03-25 22:00:08.422 [localhost-startStop-1] INFO  org.springframework.boot.web.servlet.ServletRegistrationBean - Mapping servlet: 'dispatcherServlet' to [/]
2018-03-25 22:00:08.426 [localhost-startStop-1] INFO  org.springframework.boot.web.servlet.FilterRegistrationBean - Mapping filter: 'characterEncodingFilter' to: [/*]
2018-03-25 22:00:08.427 [localhost-startStop-1] INFO  org.springframework.boot.web.servlet.FilterRegistrationBean - Mapping filter: 'hiddenHttpMethodFilter' to: [/*]
2018-03-25 22:00:08.427 [localhost-startStop-1] INFO  org.springframework.boot.web.servlet.FilterRegistrationBean - Mapping filter: 'httpPutFormContentFilter' to: [/*]
2018-03-25 22:00:08.427 [localhost-startStop-1] INFO  org.springframework.boot.web.servlet.FilterRegistrationBean - Mapping filter: 'requestContextFilter' to: [/*]
2018-03-25 22:00:09.388 [main] INFO  o.springframework.web.servlet.mvc.method.annotation.RequestMappingHandlerAdapter - Looking for @ControllerAdvice: org.springframework.boot.context.embedded.AnnotationConfigEmbeddedWebApplicationContext@436813f3: startup date [Sun Mar 25 22:00:06 CST 2018]; root of context hierarchy
2018-03-25 22:00:09.479 [main] INFO  o.springframework.web.servlet.mvc.method.annotation.RequestMappingHandlerMapping - Mapped "{[/v1/getUserCount],methods=[GET]}" onto public int com.course.controller.Demo.getUserCount()
2018-03-25 22:00:09.482 [main] INFO  o.springframework.web.servlet.mvc.method.annotation.RequestMappingHandlerMapping - Mapped "{[/error]}" onto public org.springframework.http.ResponseEntity<java.util.Map<java.lang.String, java.lang.Object>> org.springframework.boot.autoconfigure.web.BasicErrorController.error(javax.servlet.http.HttpServletRequest)
2018-03-25 22:00:09.483 [main] INFO  o.springframework.web.servlet.mvc.method.annotation.RequestMappingHandlerMapping - Mapped "{[/error],produces=[text/html]}" onto public org.springframework.web.servlet.ModelAndView org.springframework.boot.autoconfigure.web.BasicErrorController.errorHtml(javax.servlet.http.HttpServletRequest,javax.servlet.http.HttpServletResponse)
2018-03-25 22:00:09.517 [main] INFO  org.springframework.web.servlet.handler.SimpleUrlHandlerMapping - Mapped URL path [/webjars/**] onto handler of type [class org.springframework.web.servlet.resource.ResourceHttpRequestHandler]
2018-03-25 22:00:09.518 [main] INFO  org.springframework.web.servlet.handler.SimpleUrlHandlerMapping - Mapped URL path [/**] onto handler of type [class org.springframework.web.servlet.resource.ResourceHttpRequestHandler]
2018-03-25 22:00:09.566 [main] INFO  org.springframework.web.servlet.handler.SimpleUrlHandlerMapping - Mapped URL path [/**/favicon.ico] onto handler of type [class org.springframework.web.servlet.resource.ResourceHttpRequestHandler]
2018-03-25 22:00:09.986 [main] INFO  org.springframework.jmx.export.annotation.AnnotationMBeanExporter - Registering beans for JMX exposure on startup
2018-03-25 22:00:10.073 [main] ERROR org.apache.coyote.http11.Http11NioProtocol - Failed to start end point associated with ProtocolHandler ["http-nio-8888"]
java.net.BindException: Address already in use
	at sun.nio.ch.Net.bind0(Native Method)
	at sun.nio.ch.Net.bind(Net.java:433)
	at sun.nio.ch.Net.bind(Net.java:425)
	at sun.nio.ch.ServerSocketChannelImpl.bind(ServerSocketChannelImpl.java:223)
	at sun.nio.ch.ServerSocketAdaptor.bind(ServerSocketAdaptor.java:74)
	at org.apache.tomcat.util.net.NioEndpoint.bind(NioEndpoint.java:210)
	at org.apache.tomcat.util.net.AbstractEndpoint.start(AbstractEndpoint.java:978)
	at org.apache.coyote.AbstractProtocol.start(AbstractProtocol.java:628)
	at org.apache.catalina.connector.Connector.startInternal(Connector.java:993)
	at org.apache.catalina.util.LifecycleBase.start(LifecycleBase.java:150)
	at org.apache.catalina.core.StandardService.addConnector(StandardService.java:225)
	at org.springframework.boot.context.embedded.tomcat.TomcatEmbeddedServletContainer.addPreviouslyRemovedConnectors(TomcatEmbeddedServletContainer.java:247)
	at org.springframework.boot.context.embedded.tomcat.TomcatEmbeddedServletContainer.start(TomcatEmbeddedServletContainer.java:190)
	at org.springframework.boot.context.embedded.EmbeddedWebApplicationContext.startEmbeddedServletContainer(EmbeddedWebApplicationContext.java:297)
	at org.springframework.boot.context.embedded.EmbeddedWebApplicationContext.finishRefresh(EmbeddedWebApplicationContext.java:145)
	at org.springframework.context.support.AbstractApplicationContext.refresh(AbstractApplicationContext.java:545)
	at org.springframework.boot.context.embedded.EmbeddedWebApplicationContext.refresh(EmbeddedWebApplicationContext.java:122)
	at org.springframework.boot.SpringApplication.refresh(SpringApplication.java:737)
	at org.springframework.boot.SpringApplication.refreshContext(SpringApplication.java:370)
	at org.springframework.boot.SpringApplication.run(SpringApplication.java:314)
	at org.springframework.boot.SpringApplication.run(SpringApplication.java:1162)
	at org.springframework.boot.SpringApplication.run(SpringApplication.java:1151)
	at com.course.Application.main(Application.java:18)
2018-03-25 22:00:10.074 [main] ERROR org.apache.catalina.core.StandardService - Failed to start connector [Connector[HTTP/1.1-8888]]
org.apache.catalina.LifecycleException: Failed to start component [Connector[HTTP/1.1-8888]]
	at org.apache.catalina.util.LifecycleBase.start(LifecycleBase.java:167)
	at org.apache.catalina.core.StandardService.addConnector(StandardService.java:225)
	at org.springframework.boot.context.embedded.tomcat.TomcatEmbeddedServletContainer.addPreviouslyRemovedConnectors(TomcatEmbeddedServletContainer.java:247)
	at org.springframework.boot.context.embedded.tomcat.TomcatEmbeddedServletContainer.start(TomcatEmbeddedServletContainer.java:190)
	at org.springframework.boot.context.embedded.EmbeddedWebApplicationContext.startEmbeddedServletContainer(EmbeddedWebApplicationContext.java:297)
	at org.springframework.boot.context.embedded.EmbeddedWebApplicationContext.finishRefresh(EmbeddedWebApplicationContext.java:145)
	at org.springframework.context.support.AbstractApplicationContext.refresh(AbstractApplicationContext.java:545)
	at org.springframework.boot.context.embedded.EmbeddedWebApplicationContext.refresh(EmbeddedWebApplicationContext.java:122)
	at org.springframework.boot.SpringApplication.refresh(SpringApplication.java:737)
	at org.springframework.boot.SpringApplication.refreshContext(SpringApplication.java:370)
	at org.springframework.boot.SpringApplication.run(SpringApplication.java:314)
	at org.springframework.boot.SpringApplication.run(SpringApplication.java:1162)
	at org.springframework.boot.SpringApplication.run(SpringApplication.java:1151)
	at com.course.Application.main(Application.java:18)
Caused by: org.apache.catalina.LifecycleException: service.getName(): "Tomcat";  Protocol handler start failed
	at org.apache.catalina.connector.Connector.startInternal(Connector.java:1000)
	at org.apache.catalina.util.LifecycleBase.start(LifecycleBase.java:150)
	... 13 common frames omitted
Caused by: java.net.BindException: Address already in use
	at sun.nio.ch.Net.bind0(Native Method)
	at sun.nio.ch.Net.bind(Net.java:433)
	at sun.nio.ch.Net.bind(Net.java:425)
	at sun.nio.ch.ServerSocketChannelImpl.bind(ServerSocketChannelImpl.java:223)
	at sun.nio.ch.ServerSocketAdaptor.bind(ServerSocketAdaptor.java:74)
	at org.apache.tomcat.util.net.NioEndpoint.bind(NioEndpoint.java:210)
	at org.apache.tomcat.util.net.AbstractEndpoint.start(AbstractEndpoint.java:978)
	at org.apache.coyote.AbstractProtocol.start(AbstractProtocol.java:628)
	at org.apache.catalina.connector.Connector.startInternal(Connector.java:993)
	... 14 common frames omitted
2018-03-25 22:00:10.091 [main] INFO  org.apache.catalina.core.StandardService - Stopping service Tomcat
2018-03-25 22:00:10.123 [main] INFO  o.s.boot.autoconfigure.logging.AutoConfigurationReportLoggingInitializer - 

Error starting ApplicationContext. To display the auto-configuration report re-run your application with 'debug' enabled.
2018-03-25 22:00:10.129 [main] ERROR org.springframework.boot.diagnostics.LoggingFailureAnalysisReporter - 

***************************
APPLICATION FAILED TO START
***************************

Description:

The Tomcat connector configured to listen on port 8888 failed to start. The port may already be in use or the connector may be misconfigured.

Action:

Verify the connector's configuration, identify and stop any process that's listening on port 8888, or configure this application to listen on another port.

2018-03-25 22:00:10.131 [main] INFO  o.s.boot.context.embedded.AnnotationConfigEmbeddedWebApplicationContext - Closing org.springframework.boot.context.embedded.AnnotationConfigEmbeddedWebApplicationContext@436813f3: startup date [Sun Mar 25 22:00:06 CST 2018]; root of context hierarchy
2018-03-25 22:00:10.135 [main] INFO  org.springframework.jmx.export.annotation.AnnotationMBeanExporter - Unregistering JMX-exposed beans on shutdown
2018-03-25 22:00:10.137 [main] WARN  org.springframework.context.annotation.CommonAnnotationBeanPostProcessor - Invocation of destroy method failed on bean with name 'application': java.lang.NullPointerException
2018-03-25 22:00:38.977 [main] INFO  com.course.Application - Starting Application on localhost with PID 89112 (/workspace/muke/AutoTest/Chapter11/target/classes started by zjy in /workspace/muke/AutoTest)
2018-03-25 22:00:38.981 [main] INFO  com.course.Application - No active profile set, falling back to default profiles: default
2018-03-25 22:00:39.053 [main] INFO  o.s.boot.context.embedded.AnnotationConfigEmbeddedWebApplicationContext - Refreshing org.springframework.boot.context.embedded.AnnotationConfigEmbeddedWebApplicationContext@436813f3: startup date [Sun Mar 25 22:00:39 CST 2018]; root of context hierarchy
2018-03-25 22:00:39.856 [main] WARN  org.mybatis.spring.mapper.ClassPathMapperScanner - No MyBatis mapper was found in '[com.course]' package. Please check your configuration.
2018-03-25 22:00:40.758 [main] INFO  org.springframework.boot.context.embedded.tomcat.TomcatEmbeddedServletContainer - Tomcat initialized with port(s): 8888 (http)
2018-03-25 22:00:40.781 [main] INFO  org.apache.catalina.core.StandardService - Starting service Tomcat
2018-03-25 22:00:40.782 [main] INFO  org.apache.catalina.core.StandardEngine - Starting Servlet Engine: Apache Tomcat/8.5.14
2018-03-25 22:00:40.942 [localhost-startStop-1] INFO  org.apache.catalina.core.ContainerBase.[Tomcat].[localhost].[/] - Initializing Spring embedded WebApplicationContext
2018-03-25 22:00:40.943 [localhost-startStop-1] INFO  org.springframework.web.context.ContextLoader - Root WebApplicationContext: initialization completed in 1889 ms
2018-03-25 22:00:41.157 [localhost-startStop-1] INFO  org.springframework.boot.web.servlet.ServletRegistrationBean - Mapping servlet: 'dispatcherServlet' to [/]
2018-03-25 22:00:41.161 [localhost-startStop-1] INFO  org.springframework.boot.web.servlet.FilterRegistrationBean - Mapping filter: 'characterEncodingFilter' to: [/*]
2018-03-25 22:00:41.162 [localhost-startStop-1] INFO  org.springframework.boot.web.servlet.FilterRegistrationBean - Mapping filter: 'hiddenHttpMethodFilter' to: [/*]
2018-03-25 22:00:41.162 [localhost-startStop-1] INFO  org.springframework.boot.web.servlet.FilterRegistrationBean - Mapping filter: 'httpPutFormContentFilter' to: [/*]
2018-03-25 22:00:41.162 [localhost-startStop-1] INFO  org.springframework.boot.web.servlet.FilterRegistrationBean - Mapping filter: 'requestContextFilter' to: [/*]
2018-03-25 22:00:41.992 [main] INFO  o.springframework.web.servlet.mvc.method.annotation.RequestMappingHandlerAdapter - Looking for @ControllerAdvice: org.springframework.boot.context.embedded.AnnotationConfigEmbeddedWebApplicationContext@436813f3: startup date [Sun Mar 25 22:00:39 CST 2018]; root of context hierarchy
2018-03-25 22:00:42.069 [main] INFO  o.springframework.web.servlet.mvc.method.annotation.RequestMappingHandlerMapping - Mapped "{[/v1/getUserCount],methods=[GET]}" onto public int com.course.controller.Demo.getUserCount()
2018-03-25 22:00:42.072 [main] INFO  o.springframework.web.servlet.mvc.method.annotation.RequestMappingHandlerMapping - Mapped "{[/error]}" onto public org.springframework.http.ResponseEntity<java.util.Map<java.lang.String, java.lang.Object>> org.springframework.boot.autoconfigure.web.BasicErrorController.error(javax.servlet.http.HttpServletRequest)
2018-03-25 22:00:42.073 [main] INFO  o.springframework.web.servlet.mvc.method.annotation.RequestMappingHandlerMapping - Mapped "{[/error],produces=[text/html]}" onto public org.springframework.web.servlet.ModelAndView org.springframework.boot.autoconfigure.web.BasicErrorController.errorHtml(javax.servlet.http.HttpServletRequest,javax.servlet.http.HttpServletResponse)
2018-03-25 22:00:42.105 [main] INFO  org.springframework.web.servlet.handler.SimpleUrlHandlerMapping - Mapped URL path [/webjars/**] onto handler of type [class org.springframework.web.servlet.resource.ResourceHttpRequestHandler]
2018-03-25 22:00:42.106 [main] INFO  org.springframework.web.servlet.handler.SimpleUrlHandlerMapping - Mapped URL path [/**] onto handler of type [class org.springframework.web.servlet.resource.ResourceHttpRequestHandler]
2018-03-25 22:00:42.157 [main] INFO  org.springframework.web.servlet.handler.SimpleUrlHandlerMapping - Mapped URL path [/**/favicon.ico] onto handler of type [class org.springframework.web.servlet.resource.ResourceHttpRequestHandler]
2018-03-25 22:00:42.535 [main] INFO  org.springframework.jmx.export.annotation.AnnotationMBeanExporter - Registering beans for JMX exposure on startup
2018-03-25 22:00:42.624 [main] INFO  org.springframework.boot.context.embedded.tomcat.TomcatEmbeddedServletContainer - Tomcat started on port(s): 8888 (http)
2018-03-25 22:00:42.630 [main] INFO  com.course.Application - Started Application in 4.305 seconds (JVM running for 5.047)
2018-03-25 22:01:16.689 [http-nio-8888-exec-1] INFO  org.apache.catalina.core.ContainerBase.[Tomcat].[localhost].[/] - Initializing Spring FrameworkServlet 'dispatcherServlet'
2018-03-25 22:01:16.689 [http-nio-8888-exec-1] INFO  org.springframework.web.servlet.DispatcherServlet - FrameworkServlet 'dispatcherServlet': initialization started
2018-03-25 22:01:16.829 [http-nio-8888-exec-1] INFO  org.springframework.web.servlet.DispatcherServlet - FrameworkServlet 'dispatcherServlet': initialization completed in 140 ms
2018-03-25 22:10:11.004 [Thread-3] INFO  o.s.boot.context.embedded.AnnotationConfigEmbeddedWebApplicationContext - Closing org.springframework.boot.context.embedded.AnnotationConfigEmbeddedWebApplicationContext@436813f3: startup date [Sun Mar 25 22:00:39 CST 2018]; root of context hierarchy
2018-03-25 22:10:11.015 [Thread-3] INFO  org.springframework.jmx.export.annotation.AnnotationMBeanExporter - Unregistering JMX-exposed beans on shutdown
2018-03-25 22:10:15.656 [main] INFO  com.course.Application - Starting Application on localhost with PID 89180 (/workspace/muke/AutoTest/Chapter11/target/classes started by zjy in /workspace/muke/AutoTest)
2018-03-25 22:10:15.663 [main] INFO  com.course.Application - No active profile set, falling back to default profiles: default
2018-03-25 22:10:15.817 [main] INFO  o.s.boot.context.embedded.AnnotationConfigEmbeddedWebApplicationContext - Refreshing org.springframework.boot.context.embedded.AnnotationConfigEmbeddedWebApplicationContext@436813f3: startup date [Sun Mar 25 22:10:15 CST 2018]; root of context hierarchy
2018-03-25 22:10:16.846 [main] WARN  org.mybatis.spring.mapper.ClassPathMapperScanner - No MyBatis mapper was found in '[com.course]' package. Please check your configuration.
2018-03-25 22:10:17.860 [main] INFO  org.springframework.boot.context.embedded.tomcat.TomcatEmbeddedServletContainer - Tomcat initialized with port(s): 8888 (http)
2018-03-25 22:10:17.891 [main] INFO  org.apache.catalina.core.StandardService - Starting service Tomcat
2018-03-25 22:10:17.895 [main] INFO  org.apache.catalina.core.StandardEngine - Starting Servlet Engine: Apache Tomcat/8.5.14
2018-03-25 22:10:18.095 [localhost-startStop-1] INFO  org.apache.catalina.core.ContainerBase.[Tomcat].[localhost].[/] - Initializing Spring embedded WebApplicationContext
2018-03-25 22:10:18.096 [localhost-startStop-1] INFO  org.springframework.web.context.ContextLoader - Root WebApplicationContext: initialization completed in 2280 ms
2018-03-25 22:10:18.388 [localhost-startStop-1] INFO  org.springframework.boot.web.servlet.ServletRegistrationBean - Mapping servlet: 'dispatcherServlet' to [/]
2018-03-25 22:10:18.394 [localhost-startStop-1] INFO  org.springframework.boot.web.servlet.FilterRegistrationBean - Mapping filter: 'characterEncodingFilter' to: [/*]
2018-03-25 22:10:18.395 [localhost-startStop-1] INFO  org.springframework.boot.web.servlet.FilterRegistrationBean - Mapping filter: 'hiddenHttpMethodFilter' to: [/*]
2018-03-25 22:10:18.395 [localhost-startStop-1] INFO  org.springframework.boot.web.servlet.FilterRegistrationBean - Mapping filter: 'httpPutFormContentFilter' to: [/*]
2018-03-25 22:10:18.395 [localhost-startStop-1] INFO  org.springframework.boot.web.servlet.FilterRegistrationBean - Mapping filter: 'requestContextFilter' to: [/*]
2018-03-25 22:10:19.375 [main] INFO  o.springframework.web.servlet.mvc.method.annotation.RequestMappingHandlerAdapter - Looking for @ControllerAdvice: org.springframework.boot.context.embedded.AnnotationConfigEmbeddedWebApplicationContext@436813f3: startup date [Sun Mar 25 22:10:15 CST 2018]; root of context hierarchy
2018-03-25 22:10:19.482 [main] INFO  o.springframework.web.servlet.mvc.method.annotation.RequestMappingHandlerMapping - Mapped "{[/v1/addUser],methods=[POST]}" onto public int com.course.controller.Demo.addUser(com.course.model.User)
2018-03-25 22:10:19.484 [main] INFO  o.springframework.web.servlet.mvc.method.annotation.RequestMappingHandlerMapping - Mapped "{[/v1/getUserCount],methods=[GET]}" onto public int com.course.controller.Demo.getUserCount()
2018-03-25 22:10:19.488 [main] INFO  o.springframework.web.servlet.mvc.method.annotation.RequestMappingHandlerMapping - Mapped "{[/error]}" onto public org.springframework.http.ResponseEntity<java.util.Map<java.lang.String, java.lang.Object>> org.springframework.boot.autoconfigure.web.BasicErrorController.error(javax.servlet.http.HttpServletRequest)
2018-03-25 22:10:19.489 [main] INFO  o.springframework.web.servlet.mvc.method.annotation.RequestMappingHandlerMapping - Mapped "{[/error],produces=[text/html]}" onto public org.springframework.web.servlet.ModelAndView org.springframework.boot.autoconfigure.web.BasicErrorController.errorHtml(javax.servlet.http.HttpServletRequest,javax.servlet.http.HttpServletResponse)
2018-03-25 22:10:19.530 [main] INFO  org.springframework.web.servlet.handler.SimpleUrlHandlerMapping - Mapped URL path [/webjars/**] onto handler of type [class org.springframework.web.servlet.resource.ResourceHttpRequestHandler]
2018-03-25 22:10:19.530 [main] INFO  org.springframework.web.servlet.handler.SimpleUrlHandlerMapping - Mapped URL path [/**] onto handler of type [class org.springframework.web.servlet.resource.ResourceHttpRequestHandler]
2018-03-25 22:10:19.598 [main] INFO  org.springframework.web.servlet.handler.SimpleUrlHandlerMapping - Mapped URL path [/**/favicon.ico] onto handler of type [class org.springframework.web.servlet.resource.ResourceHttpRequestHandler]
2018-03-25 22:10:20.062 [main] INFO  org.springframework.jmx.export.annotation.AnnotationMBeanExporter - Registering beans for JMX exposure on startup
2018-03-25 22:10:20.176 [main] INFO  org.springframework.boot.context.embedded.tomcat.TomcatEmbeddedServletContainer - Tomcat started on port(s): 8888 (http)
2018-03-25 22:10:20.186 [main] INFO  com.course.Application - Started Application in 5.151 seconds (JVM running for 5.891)
2018-03-25 22:11:48.802 [http-nio-8888-exec-1] INFO  org.apache.catalina.core.ContainerBase.[Tomcat].[localhost].[/] - Initializing Spring FrameworkServlet 'dispatcherServlet'
2018-03-25 22:11:48.804 [http-nio-8888-exec-1] INFO  org.springframework.web.servlet.DispatcherServlet - FrameworkServlet 'dispatcherServlet': initialization started
2018-03-25 22:11:48.851 [http-nio-8888-exec-1] INFO  org.springframework.web.servlet.DispatcherServlet - FrameworkServlet 'dispatcherServlet': initialization completed in 46 ms
2018-03-25 22:12:21.941 [http-nio-8888-exec-3] WARN  org.springframework.web.servlet.mvc.support.DefaultHandlerExceptionResolver - Failed to read HTTP message: org.springframework.http.converter.HttpMessageNotReadableException: Could not read JSON document: Unexpected character ('"' (code 34)): was expecting comma to separate Object entries
 at [Source: java.io.PushbackInputStream@7f592c44; line: 3, column: 2]; nested exception is com.fasterxml.jackson.core.JsonParseException: Unexpected character ('"' (code 34)): was expecting comma to separate Object entries
 at [Source: java.io.PushbackInputStream@7f592c44; line: 3, column: 2]
2018-03-25 22:13:11.577 [Thread-3] INFO  o.s.boot.context.embedded.AnnotationConfigEmbeddedWebApplicationContext - Closing org.springframework.boot.context.embedded.AnnotationConfigEmbeddedWebApplicationContext@436813f3: startup date [Sun Mar 25 22:10:15 CST 2018]; root of context hierarchy
2018-03-25 22:13:11.579 [Thread-3] INFO  org.springframework.jmx.export.annotation.AnnotationMBeanExporter - Unregistering JMX-exposed beans on shutdown
2018-03-25 22:13:25.519 [main] INFO  com.course.Application - Starting Application on localhost with PID 89199 (/workspace/muke/AutoTest/Chapter11/target/classes started by zjy in /workspace/muke/AutoTest)
2018-03-25 22:13:25.546 [main] INFO  com.course.Application - No active profile set, falling back to default profiles: default
2018-03-25 22:13:25.668 [main] INFO  o.s.boot.context.embedded.AnnotationConfigEmbeddedWebApplicationContext - Refreshing org.springframework.boot.context.embedded.AnnotationConfigEmbeddedWebApplicationContext@6e15fe2: startup date [Sun Mar 25 22:13:25 CST 2018]; root of context hierarchy
2018-03-25 22:13:26.945 [main] WARN  org.mybatis.spring.mapper.ClassPathMapperScanner - No MyBatis mapper was found in '[com.course]' package. Please check your configuration.
2018-03-25 22:13:28.327 [main] INFO  org.springframework.boot.context.embedded.tomcat.TomcatEmbeddedServletContainer - Tomcat initialized with port(s): 8888 (http)
2018-03-25 22:13:28.357 [main] INFO  org.apache.catalina.core.StandardService - Starting service Tomcat
2018-03-25 22:13:28.359 [main] INFO  org.apache.catalina.core.StandardEngine - Starting Servlet Engine: Apache Tomcat/8.5.14
2018-03-25 22:13:28.575 [localhost-startStop-1] INFO  org.apache.catalina.core.ContainerBase.[Tomcat].[localhost].[/] - Initializing Spring embedded WebApplicationContext
2018-03-25 22:13:28.576 [localhost-startStop-1] INFO  org.springframework.web.context.ContextLoader - Root WebApplicationContext: initialization completed in 2907 ms
2018-03-25 22:13:28.969 [localhost-startStop-1] INFO  org.springframework.boot.web.servlet.ServletRegistrationBean - Mapping servlet: 'dispatcherServlet' to [/]
2018-03-25 22:13:28.982 [localhost-startStop-1] INFO  org.springframework.boot.web.servlet.FilterRegistrationBean - Mapping filter: 'characterEncodingFilter' to: [/*]
2018-03-25 22:13:28.983 [localhost-startStop-1] INFO  org.springframework.boot.web.servlet.FilterRegistrationBean - Mapping filter: 'hiddenHttpMethodFilter' to: [/*]
2018-03-25 22:13:28.984 [localhost-startStop-1] INFO  org.springframework.boot.web.servlet.FilterRegistrationBean - Mapping filter: 'httpPutFormContentFilter' to: [/*]
2018-03-25 22:13:28.984 [localhost-startStop-1] INFO  org.springframework.boot.web.servlet.FilterRegistrationBean - Mapping filter: 'requestContextFilter' to: [/*]
2018-03-25 22:13:30.793 [main] INFO  o.springframework.web.servlet.mvc.method.annotation.RequestMappingHandlerAdapter - Looking for @ControllerAdvice: org.springframework.boot.context.embedded.AnnotationConfigEmbeddedWebApplicationContext@6e15fe2: startup date [Sun Mar 25 22:13:25 CST 2018]; root of context hierarchy
2018-03-25 22:13:30.981 [main] INFO  o.springframework.web.servlet.mvc.method.annotation.RequestMappingHandlerMapping - Mapped "{[/v1/addUser],methods=[POST]}" onto public int com.course.controller.Demo.addUser(com.course.model.User)
2018-03-25 22:13:30.983 [main] INFO  o.springframework.web.servlet.mvc.method.annotation.RequestMappingHandlerMapping - Mapped "{[/v1/getUserCount],methods=[GET]}" onto public int com.course.controller.Demo.getUserCount()
2018-03-25 22:13:30.989 [main] INFO  o.springframework.web.servlet.mvc.method.annotation.RequestMappingHandlerMapping - Mapped "{[/error]}" onto public org.springframework.http.ResponseEntity<java.util.Map<java.lang.String, java.lang.Object>> org.springframework.boot.autoconfigure.web.BasicErrorController.error(javax.servlet.http.HttpServletRequest)
2018-03-25 22:13:30.991 [main] INFO  o.springframework.web.servlet.mvc.method.annotation.RequestMappingHandlerMapping - Mapped "{[/error],produces=[text/html]}" onto public org.springframework.web.servlet.ModelAndView org.springframework.boot.autoconfigure.web.BasicErrorController.errorHtml(javax.servlet.http.HttpServletRequest,javax.servlet.http.HttpServletResponse)
2018-03-25 22:13:31.076 [main] INFO  org.springframework.web.servlet.handler.SimpleUrlHandlerMapping - Mapped URL path [/webjars/**] onto handler of type [class org.springframework.web.servlet.resource.ResourceHttpRequestHandler]
2018-03-25 22:13:31.077 [main] INFO  org.springframework.web.servlet.handler.SimpleUrlHandlerMapping - Mapped URL path [/**] onto handler of type [class org.springframework.web.servlet.resource.ResourceHttpRequestHandler]
2018-03-25 22:13:31.167 [main] INFO  org.springframework.web.servlet.handler.SimpleUrlHandlerMapping - Mapped URL path [/**/favicon.ico] onto handler of type [class org.springframework.web.servlet.resource.ResourceHttpRequestHandler]
2018-03-25 22:13:31.828 [main] INFO  org.springframework.jmx.export.annotation.AnnotationMBeanExporter - Registering beans for JMX exposure on startup
2018-03-25 22:13:31.981 [main] INFO  org.springframework.boot.context.embedded.tomcat.TomcatEmbeddedServletContainer - Tomcat started on port(s): 8888 (http)
2018-03-25 22:13:31.990 [main] INFO  com.course.Application - Started Application in 7.504 seconds (JVM running for 8.813)
2018-03-25 22:13:46.524 [http-nio-8888-exec-1] INFO  org.apache.catalina.core.ContainerBase.[Tomcat].[localhost].[/] - Initializing Spring FrameworkServlet 'dispatcherServlet'
2018-03-25 22:13:46.526 [http-nio-8888-exec-1] INFO  org.springframework.web.servlet.DispatcherServlet - FrameworkServlet 'dispatcherServlet': initialization started
2018-03-25 22:13:46.551 [http-nio-8888-exec-1] INFO  org.springframework.web.servlet.DispatcherServlet - FrameworkServlet 'dispatcherServlet': initialization completed in 24 ms
2018-03-25 22:13:46.652 [http-nio-8888-exec-1] WARN  org.springframework.web.servlet.mvc.support.DefaultHandlerExceptionResolver - Failed to read HTTP message: org.springframework.http.converter.HttpMessageNotReadableException: Could not read JSON document: Unexpected character ('"' (code 34)): was expecting comma to separate Object entries
 at [Source: java.io.PushbackInputStream@72fac593; line: 3, column: 2]; nested exception is com.fasterxml.jackson.core.JsonParseException: Unexpected character ('"' (code 34)): was expecting comma to separate Object entries
 at [Source: java.io.PushbackInputStream@72fac593; line: 3, column: 2]
2018-03-25 22:14:52.555 [http-nio-8888-exec-2] WARN  org.springframework.web.servlet.mvc.support.DefaultHandlerExceptionResolver - Failed to read HTTP message: org.springframework.http.converter.HttpMessageNotReadableException: Could not read JSON document: Unexpected character ('"' (code 34)): was expecting comma to separate Object entries
 at [Source: java.io.PushbackInputStream@14f8ed7c; line: 3, column: 2]; nested exception is com.fasterxml.jackson.core.JsonParseException: Unexpected character ('"' (code 34)): was expecting comma to separate Object entries
 at [Source: java.io.PushbackInputStream@14f8ed7c; line: 3, column: 2]
2018-03-25 22:27:22.949 [Thread-3] INFO  o.s.boot.context.embedded.AnnotationConfigEmbeddedWebApplicationContext - Closing org.springframework.boot.context.embedded.AnnotationConfigEmbeddedWebApplicationContext@6e15fe2: startup date [Sun Mar 25 22:13:25 CST 2018]; root of context hierarchy
2018-03-25 22:27:22.954 [Thread-3] INFO  org.springframework.jmx.export.annotation.AnnotationMBeanExporter - Unregistering JMX-exposed beans on shutdown
2018-03-25 22:27:34.826 [main] INFO  com.course.Application - Starting Application on localhost with PID 89271 (/workspace/muke/AutoTest/Chapter11/target/classes started by zjy in /workspace/muke/AutoTest)
2018-03-25 22:27:34.832 [main] INFO  com.course.Application - No active profile set, falling back to default profiles: default
2018-03-25 22:27:34.949 [main] INFO  o.s.boot.context.embedded.AnnotationConfigEmbeddedWebApplicationContext - Refreshing org.springframework.boot.context.embedded.AnnotationConfigEmbeddedWebApplicationContext@436813f3: startup date [Sun Mar 25 22:27:34 CST 2018]; root of context hierarchy
2018-03-25 22:27:36.190 [main] WARN  org.mybatis.spring.mapper.ClassPathMapperScanner - No MyBatis mapper was found in '[com.course]' package. Please check your configuration.
2018-03-25 22:27:37.224 [main] INFO  org.springframework.boot.context.embedded.tomcat.TomcatEmbeddedServletContainer - Tomcat initialized with port(s): 8888 (http)
2018-03-25 22:27:37.253 [main] INFO  org.apache.catalina.core.StandardService - Starting service Tomcat
2018-03-25 22:27:37.255 [main] INFO  org.apache.catalina.core.StandardEngine - Starting Servlet Engine: Apache Tomcat/8.5.14
2018-03-25 22:27:37.434 [localhost-startStop-1] INFO  org.apache.catalina.core.ContainerBase.[Tomcat].[localhost].[/] - Initializing Spring embedded WebApplicationContext
2018-03-25 22:27:37.435 [localhost-startStop-1] INFO  org.springframework.web.context.ContextLoader - Root WebApplicationContext: initialization completed in 2486 ms
2018-03-25 22:27:37.648 [localhost-startStop-1] INFO  org.springframework.boot.web.servlet.ServletRegistrationBean - Mapping servlet: 'dispatcherServlet' to [/]
2018-03-25 22:27:37.657 [localhost-startStop-1] INFO  org.springframework.boot.web.servlet.FilterRegistrationBean - Mapping filter: 'characterEncodingFilter' to: [/*]
2018-03-25 22:27:37.658 [localhost-startStop-1] INFO  org.springframework.boot.web.servlet.FilterRegistrationBean - Mapping filter: 'hiddenHttpMethodFilter' to: [/*]
2018-03-25 22:27:37.658 [localhost-startStop-1] INFO  org.springframework.boot.web.servlet.FilterRegistrationBean - Mapping filter: 'httpPutFormContentFilter' to: [/*]
2018-03-25 22:27:37.658 [localhost-startStop-1] INFO  org.springframework.boot.web.servlet.FilterRegistrationBean - Mapping filter: 'requestContextFilter' to: [/*]
2018-03-25 22:27:38.525 [main] INFO  o.springframework.web.servlet.mvc.method.annotation.RequestMappingHandlerAdapter - Looking for @ControllerAdvice: org.springframework.boot.context.embedded.AnnotationConfigEmbeddedWebApplicationContext@436813f3: startup date [Sun Mar 25 22:27:34 CST 2018]; root of context hierarchy
2018-03-25 22:27:38.627 [main] INFO  o.springframework.web.servlet.mvc.method.annotation.RequestMappingHandlerMapping - Mapped "{[/v1/addUser],methods=[POST]}" onto public int com.course.controller.Demo.addUser(com.course.model.User)
2018-03-25 22:27:38.628 [main] INFO  o.springframework.web.servlet.mvc.method.annotation.RequestMappingHandlerMapping - Mapped "{[/v1/getUserCount],methods=[GET]}" onto public int com.course.controller.Demo.getUserCount()
2018-03-25 22:27:38.629 [main] INFO  o.springframework.web.servlet.mvc.method.annotation.RequestMappingHandlerMapping - Mapped "{[/v1/updateUser],methods=[POST]}" onto public int com.course.controller.Demo.updateUser(com.course.model.User)
2018-03-25 22:27:38.629 [main] INFO  o.springframework.web.servlet.mvc.method.annotation.RequestMappingHandlerMapping - Mapped "{[/v1/deleteUesr]}" onto public int com.course.controller.Demo.delUser(int)
2018-03-25 22:27:38.632 [main] INFO  o.springframework.web.servlet.mvc.method.annotation.RequestMappingHandlerMapping - Mapped "{[/error]}" onto public org.springframework.http.ResponseEntity<java.util.Map<java.lang.String, java.lang.Object>> org.springframework.boot.autoconfigure.web.BasicErrorController.error(javax.servlet.http.HttpServletRequest)
2018-03-25 22:27:38.633 [main] INFO  o.springframework.web.servlet.mvc.method.annotation.RequestMappingHandlerMapping - Mapped "{[/error],produces=[text/html]}" onto public org.springframework.web.servlet.ModelAndView org.springframework.boot.autoconfigure.web.BasicErrorController.errorHtml(javax.servlet.http.HttpServletRequest,javax.servlet.http.HttpServletResponse)
2018-03-25 22:27:38.673 [main] INFO  org.springframework.web.servlet.handler.SimpleUrlHandlerMapping - Mapped URL path [/webjars/**] onto handler of type [class org.springframework.web.servlet.resource.ResourceHttpRequestHandler]
2018-03-25 22:27:38.674 [main] INFO  org.springframework.web.servlet.handler.SimpleUrlHandlerMapping - Mapped URL path [/**] onto handler of type [class org.springframework.web.servlet.resource.ResourceHttpRequestHandler]
2018-03-25 22:27:38.733 [main] INFO  org.springframework.web.servlet.handler.SimpleUrlHandlerMapping - Mapped URL path [/**/favicon.ico] onto handler of type [class org.springframework.web.servlet.resource.ResourceHttpRequestHandler]
2018-03-25 22:27:39.183 [main] INFO  org.springframework.jmx.export.annotation.AnnotationMBeanExporter - Registering beans for JMX exposure on startup
2018-03-25 22:27:39.285 [main] INFO  org.springframework.boot.context.embedded.tomcat.TomcatEmbeddedServletContainer - Tomcat started on port(s): 8888 (http)
2018-03-25 22:27:39.315 [main] INFO  com.course.Application - Started Application in 5.044 seconds (JVM running for 5.725)
2018-03-25 22:28:11.719 [http-nio-8888-exec-1] INFO  org.apache.catalina.core.ContainerBase.[Tomcat].[localhost].[/] - Initializing Spring FrameworkServlet 'dispatcherServlet'
2018-03-25 22:28:11.722 [http-nio-8888-exec-1] INFO  org.springframework.web.servlet.DispatcherServlet - FrameworkServlet 'dispatcherServlet': initialization started
2018-03-25 22:28:11.749 [http-nio-8888-exec-1] INFO  org.springframework.web.servlet.DispatcherServlet - FrameworkServlet 'dispatcherServlet': initialization completed in 26 ms
2018-03-25 22:29:55.378 [Thread-3] INFO  o.s.boot.context.embedded.AnnotationConfigEmbeddedWebApplicationContext - Closing org.springframework.boot.context.embedded.AnnotationConfigEmbeddedWebApplicationContext@436813f3: startup date [Sun Mar 25 22:27:34 CST 2018]; root of context hierarchy
2018-03-25 22:29:55.380 [Thread-3] INFO  org.springframework.jmx.export.annotation.AnnotationMBeanExporter - Unregistering JMX-exposed beans on shutdown
2018-03-25 22:29:59.790 [main] INFO  com.course.Application - Starting Application on localhost with PID 89290 (/workspace/muke/AutoTest/Chapter11/target/classes started by zjy in /workspace/muke/AutoTest)
2018-03-25 22:29:59.796 [main] INFO  com.course.Application - No active profile set, falling back to default profiles: default
2018-03-25 22:29:59.876 [main] INFO  o.s.boot.context.embedded.AnnotationConfigEmbeddedWebApplicationContext - Refreshing org.springframework.boot.context.embedded.AnnotationConfigEmbeddedWebApplicationContext@436813f3: startup date [Sun Mar 25 22:29:59 CST 2018]; root of context hierarchy
2018-03-25 22:30:01.123 [main] WARN  org.mybatis.spring.mapper.ClassPathMapperScanner - No MyBatis mapper was found in '[com.course]' package. Please check your configuration.
2018-03-25 22:30:02.020 [main] INFO  org.springframework.boot.context.embedded.tomcat.TomcatEmbeddedServletContainer - Tomcat initialized with port(s): 8888 (http)
2018-03-25 22:30:02.046 [main] INFO  org.apache.catalina.core.StandardService - Starting service Tomcat
2018-03-25 22:30:02.047 [main] INFO  org.apache.catalina.core.StandardEngine - Starting Servlet Engine: Apache Tomcat/8.5.14
2018-03-25 22:30:02.338 [localhost-startStop-1] INFO  org.apache.catalina.core.ContainerBase.[Tomcat].[localhost].[/] - Initializing Spring embedded WebApplicationContext
2018-03-25 22:30:02.339 [localhost-startStop-1] INFO  org.springframework.web.context.ContextLoader - Root WebApplicationContext: initialization completed in 2463 ms
2018-03-25 22:30:02.596 [localhost-startStop-1] INFO  org.springframework.boot.web.servlet.ServletRegistrationBean - Mapping servlet: 'dispatcherServlet' to [/]
2018-03-25 22:30:02.604 [localhost-startStop-1] INFO  org.springframework.boot.web.servlet.FilterRegistrationBean - Mapping filter: 'characterEncodingFilter' to: [/*]
2018-03-25 22:30:02.604 [localhost-startStop-1] INFO  org.springframework.boot.web.servlet.FilterRegistrationBean - Mapping filter: 'hiddenHttpMethodFilter' to: [/*]
2018-03-25 22:30:02.605 [localhost-startStop-1] INFO  org.springframework.boot.web.servlet.FilterRegistrationBean - Mapping filter: 'httpPutFormContentFilter' to: [/*]
2018-03-25 22:30:02.605 [localhost-startStop-1] INFO  org.springframework.boot.web.servlet.FilterRegistrationBean - Mapping filter: 'requestContextFilter' to: [/*]
2018-03-25 22:30:03.646 [main] INFO  o.springframework.web.servlet.mvc.method.annotation.RequestMappingHandlerAdapter - Looking for @ControllerAdvice: org.springframework.boot.context.embedded.AnnotationConfigEmbeddedWebApplicationContext@436813f3: startup date [Sun Mar 25 22:29:59 CST 2018]; root of context hierarchy
2018-03-25 22:30:03.763 [main] INFO  o.springframework.web.servlet.mvc.method.annotation.RequestMappingHandlerMapping - Mapped "{[/v1/getUserCount],methods=[GET]}" onto public int com.course.controller.Demo.getUserCount()
2018-03-25 22:30:03.766 [main] INFO  o.springframework.web.servlet.mvc.method.annotation.RequestMappingHandlerMapping - Mapped "{[/v1/deleteUser],methods=[GET]}" onto public int com.course.controller.Demo.delUser(int)
2018-03-25 22:30:03.766 [main] INFO  o.springframework.web.servlet.mvc.method.annotation.RequestMappingHandlerMapping - Mapped "{[/v1/updateUser],methods=[POST]}" onto public int com.course.controller.Demo.updateUser(com.course.model.User)
2018-03-25 22:30:03.767 [main] INFO  o.springframework.web.servlet.mvc.method.annotation.RequestMappingHandlerMapping - Mapped "{[/v1/addUser],methods=[POST]}" onto public int com.course.controller.Demo.addUser(com.course.model.User)
2018-03-25 22:30:03.770 [main] INFO  o.springframework.web.servlet.mvc.method.annotation.RequestMappingHandlerMapping - Mapped "{[/error]}" onto public org.springframework.http.ResponseEntity<java.util.Map<java.lang.String, java.lang.Object>> org.springframework.boot.autoconfigure.web.BasicErrorController.error(javax.servlet.http.HttpServletRequest)
2018-03-25 22:30:03.771 [main] INFO  o.springframework.web.servlet.mvc.method.annotation.RequestMappingHandlerMapping - Mapped "{[/error],produces=[text/html]}" onto public org.springframework.web.servlet.ModelAndView org.springframework.boot.autoconfigure.web.BasicErrorController.errorHtml(javax.servlet.http.HttpServletRequest,javax.servlet.http.HttpServletResponse)
2018-03-25 22:30:03.825 [main] INFO  org.springframework.web.servlet.handler.SimpleUrlHandlerMapping - Mapped URL path [/webjars/**] onto handler of type [class org.springframework.web.servlet.resource.ResourceHttpRequestHandler]
2018-03-25 22:30:03.826 [main] INFO  org.springframework.web.servlet.handler.SimpleUrlHandlerMapping - Mapped URL path [/**] onto handler of type [class org.springframework.web.servlet.resource.ResourceHttpRequestHandler]
2018-03-25 22:30:03.923 [main] INFO  org.springframework.web.servlet.handler.SimpleUrlHandlerMapping - Mapped URL path [/**/favicon.ico] onto handler of type [class org.springframework.web.servlet.resource.ResourceHttpRequestHandler]
2018-03-25 22:30:04.343 [main] INFO  org.springframework.jmx.export.annotation.AnnotationMBeanExporter - Registering beans for JMX exposure on startup
2018-03-25 22:30:04.469 [main] INFO  org.springframework.boot.context.embedded.tomcat.TomcatEmbeddedServletContainer - Tomcat started on port(s): 8888 (http)
2018-03-25 22:30:04.477 [main] INFO  com.course.Application - Started Application in 5.282 seconds (JVM running for 5.973)
2018-03-25 22:30:09.680 [http-nio-8888-exec-1] INFO  org.apache.catalina.core.ContainerBase.[Tomcat].[localhost].[/] - Initializing Spring FrameworkServlet 'dispatcherServlet'
2018-03-25 22:30:09.680 [http-nio-8888-exec-1] INFO  org.springframework.web.servlet.DispatcherServlet - FrameworkServlet 'dispatcherServlet': initialization started
2018-03-25 22:30:09.719 [http-nio-8888-exec-1] INFO  org.springframework.web.servlet.DispatcherServlet - FrameworkServlet 'dispatcherServlet': initialization completed in 39 ms
2018-03-25 23:28:36.782 [Thread-3] INFO  o.s.boot.context.embedded.AnnotationConfigEmbeddedWebApplicationContext - Closing org.springframework.boot.context.embedded.AnnotationConfigEmbeddedWebApplicationContext@436813f3: startup date [Sun Mar 25 22:29:59 CST 2018]; root of context hierarchy
2018-03-25 23:28:36.787 [Thread-3] INFO  org.springframework.jmx.export.annotation.AnnotationMBeanExporter - Unregistering JMX-exposed beans on shutdown
